<?xml version="1.0" encoding="UTF-8"?>
<!-- Generated by org.testng.reporters.JUnitReportReporter -->
<testsuite hostname="DESKTOP-LQOALPC" failures="0" tests="2" name="TestCases.Testvagrant.WikiPageTest" time="58.183" errors="0" timestamp="2022-05-18T20:33:11 IST" skipped="0">
  <testcase classname="TestCases.Testvagrant.WikiPageTest" name="compareReleaseDate" time="26.808"/>
  <system-out/>
  <testcase classname="TestCases.Testvagrant.WikiPageTest" name="compareCountry" time="31.375"/>
  <system-out/>
</testsuite> <!-- TestCases.Testvagrant.WikiPageTest -->
